c:\users\肖瑞轩\desktop\图形学大程\3d-racing-games-demo-master\3d-racing-games-demo-master\racinggames\debug\vc142.pdb
c:\users\肖瑞轩\desktop\图形学大程\3d-racing-games-demo-master\3d-racing-games-demo-master\racinggames\debug\vc142.idb
c:\users\肖瑞轩\desktop\图形学大程\3d-racing-games-demo-master\3d-racing-games-demo-master\racinggames\debug\glad.obj
c:\users\肖瑞轩\desktop\图形学大程\3d-racing-games-demo-master\3d-racing-games-demo-master\racinggames\debug\stb_image.obj
c:\users\肖瑞轩\desktop\图形学大程\3d-racing-games-demo-master\3d-racing-games-demo-master\racinggames\debug\main.obj
d:\桌面file\d图形学大程\3d_racing_games_xrx\racinggames\debug\vc142.pdb
d:\桌面file\d图形学大程\3d_racing_games_xrx\racinggames\debug\vc142.idb
d:\桌面file\d图形学大程\3d_racing_games_xrx\racinggames\debug\glad.obj
d:\桌面file\d图形学大程\3d_racing_games_xrx\racinggames\debug\stb_image.obj
d:\桌面file\d图形学大程\3d_racing_games_xrx\racinggames\debug\main.obj
c:\users\肖瑞轩\desktop\图形学大程\3d-racing-games-demo-master\3d-racing-games-demo-master\debug\racinggames.exe
c:\users\肖瑞轩\desktop\图形学大程\3d-racing-games-demo-master\3d-racing-games-demo-master\debug\racinggames.ilk
c:\users\肖瑞轩\desktop\图形学大程\3d-racing-games-demo-master\3d-racing-games-demo-master\debug\racinggames.pdb
d:\桌面file\d图形学大程\3d_racing_games_xrx\debug\racinggames.exe
d:\桌面file\d图形学大程\3d_racing_games_xrx\debug\racinggames.ilk
d:\桌面file\d图形学大程\3d_racing_games_xrx\debug\racinggames.pdb
d:\桌面file\d图形学大程\3d_racing_games_xrx\racinggames\debug\racinggames.tlog\cl.command.1.tlog
d:\桌面file\d图形学大程\3d_racing_games_xrx\racinggames\debug\racinggames.tlog\cl.read.1.tlog
d:\桌面file\d图形学大程\3d_racing_games_xrx\racinggames\debug\racinggames.tlog\cl.write.1.tlog
d:\桌面file\d图形学大程\3d_racing_games_xrx\racinggames\debug\racinggames.tlog\link.command.1.tlog
d:\桌面file\d图形学大程\3d_racing_games_xrx\racinggames\debug\racinggames.tlog\link.read.1.tlog
d:\桌面file\d图形学大程\3d_racing_games_xrx\racinggames\debug\racinggames.tlog\link.write.1.tlog
