  camera.cpp
F:\Projects\CG_Project\3d_racint_games5.0\RacingGames\include\camera.h(1,1): warning C4819: 该文件包含不能在当前代码页(936)中表示的字符。请将该文件保存为 Unicode 格式以防止数据丢失
F:\Projects\CG_Project\3d_racint_games5.0\RacingGames\include\camera.h(57,20): warning C4305: “初始化”: 从“double”到“float”截断
F:\Projects\CG_Project\3d_racint_games5.0\RacingGames\camera.cpp(5,27): warning C4244: “=”: 从“double”转换到“float”，可能丢失数据
F:\Projects\CG_Project\3d_racint_games5.0\RacingGames\camera.cpp(101,13): warning C4244: “初始化”: 从“double”转换到“float”，可能丢失数据
F:\Projects\CG_Project\3d_racint_games5.0\RacingGames\camera.cpp(102,13): warning C4244: “初始化”: 从“double”转换到“float”，可能丢失数据
  loadobj.cpp
  main.cpp
F:\Projects\CG_Project\3d_racint_games5.0\RacingGames\include\camera.h(1,1): warning C4819: 该文件包含不能在当前代码页(936)中表示的字符。请将该文件保存为 Unicode 格式以防止数据丢失
F:\Projects\CG_Project\3d_racint_games5.0\RacingGames\include\car.h(137,34): warning C4018: “>”: 有符号/无符号不匹配
F:\Projects\CG_Project\3d_racint_games5.0\RacingGames\include\car.h(147,39): warning C4018: “>”: 有符号/无符号不匹配
F:\Projects\CG_Project\3d_racint_games5.0\RacingGames\main.cpp(1390,26): warning C4018: “<”: 有符号/无符号不匹配
  mymodel.cpp
  objshape.cpp
  readmtl.cpp
  stb_image.cpp
  texture.cpp
F:\Projects\CG_Project\3d_racint_games5.0\RacingGames\texture.cpp(49,30): warning C4018: “<”: 有符号/无符号不匹配
  正在生成代码...
  glad.c
LINK : warning LNK4098: 默认库“MSVCRT”与其他库的使用冲突；请使用 /NODEFAULTLIB:library
  RacingGames.vcxproj -> F:\Projects\CG_Project\3d_racint_games5.0\Debug\RacingGames.exe
